生成启动时间为 2018/3/9 16:22:00。
     1>项目“C:\Users\JHanLu\Downloads\ReadPic\ReadPic\ReadPic\ReadPic.vcxproj”在节点 2 上(build 个目标)。
     1>InitializeBuildStatus:
         正在创建“Debug\ReadPic.unsuccessfulbuild”，因为已指定“AlwaysCreate”。
       ClCompile:
         所有输出均为最新。
         C:\Program Files (x86)\Microsoft Visual Studio 10.0\VC\bin\CL.exe /c /ZI /nologo /W3 /WX- /Od /Oy- /D WIN32 /D _WINDOWS /D _DEBUG /D _UNICODE /D UNICODE /D _AFXDLL /Gm /EHsc /RTC1 /MDd /GS /fp:precise /Zc:wchar_t /Zc:forScope /Yu"StdAfx.h" /Fp"Debug\ReadPic.pch" /Fo"Debug\\" /Fd"Debug\vc100.pdb" /Gd /TP /analyze- /errorReport:prompt ReadPicDlg.cpp
         ReadPicDlg.cpp
       ResourceCompile:
         所有输出均为最新。
       ManifestResourceCompile:
         所有输出均为最新。
       Link:
         C:\Program Files (x86)\Microsoft Visual Studio 10.0\VC\bin\link.exe /ERRORREPORT:PROMPT /OUT:"C:\Users\JHanLu\Downloads\ReadPic\ReadPic\Debug\ReadPic.exe" /INCREMENTAL /NOLOGO opencv_world341.lib opencv_world341d.lib /MANIFEST /ManifestFile:"Debug\ReadPic.exe.intermediate.manifest" /MANIFESTUAC:"level='asInvoker' uiAccess='false'" /DEBUG /PDB:"C:\Users\JHanLu\Downloads\ReadPic\ReadPic\Debug\ReadPic.pdb" /SUBSYSTEM:WINDOWS /TLBID:1 /ENTRY:"wWinMainCRTStartup" /DYNAMICBASE /NXCOMPAT /IMPLIB:"C:\Users\JHanLu\Downloads\ReadPic\ReadPic\Debug\ReadPic.lib" /MACHINE:X86 Debug\ReadPic.res
         Debug\ReadPic.exe.embed.manifest.res
         Debug\ReadPic.obj
         Debug\ReadPicDlg.obj
         Debug\stdafx.obj
       Manifest:
         C:\Program Files (x86)\Microsoft SDKs\Windows\v7.0A\bin\mt.exe /nologo /verbose /out:"Debug\ReadPic.exe.embed.manifest" /manifest Debug\ReadPic.exe.intermediate.manifest "C:\Program Files (x86)\Microsoft Visual Studio 10.0\VC\Include\Manifest\dpiaware.manifest"
         所有输出均为最新。
       LinkEmbedManifest:
         所有输出均为最新。
         ReadPic.vcxproj -> C:\Users\JHanLu\Downloads\ReadPic\ReadPic\Debug\ReadPic.exe
       FinalizeBuildStatus:
         正在删除文件“Debug\ReadPic.unsuccessfulbuild”。
         正在对“Debug\ReadPic.lastbuildstate”执行 Touch 任务。
     1>已完成生成项目“C:\Users\JHanLu\Downloads\ReadPic\ReadPic\ReadPic\ReadPic.vcxproj”(build 个目标)的操作。

生成成功。

已用时间 00:00:01.39
